    OpenRGB v0.9
    Commit: 11a4eac71fdeb90356b4e68249723fc97af3d110 from 2023-07-10 05:52:54 -0500
    Launched: 20231004_213357
====================================================================================================

0     |Info:    Found file: default.orp attempting to validate header
0     |Info:    Valid v4 profile found for default
1     |Info:    Found file: default365.orp attempting to validate header
1     |Info:    Valid v4 profile found for default365
1003  |Info:    ------------------------------------------------------
1003  |Info:    |               Start device detection               |
1003  |Info:    ------------------------------------------------------
1003  |Info:    Initializing HID interfaces: Success
1009  |Info:    ------------------------------------------------------
1009  |Info:    |             Detecting I2C interfaces               |
1009  |Info:    ------------------------------------------------------
1009  |Info:    Registering I2C interface: /dev/i2c-3 Device 10DE:220A Subsystem: 1043:886B
1009  |Info:    Registering I2C interface: /dev/i2c-1 Device 10DE:220A Subsystem: 1043:886B
1009  |Info:    Registering I2C interface: /dev/i2c-8 Device 1022:790B Subsystem: 1043:87C0
1009  |Info:    Registering I2C interface: /dev/i2c-6 Device 10DE:220A Subsystem: 1043:886B
1010  |Info:    Registering I2C interface: /dev/i2c-4 Device 10DE:220A Subsystem: 1043:886B
1010  |Info:    Registering I2C interface: /dev/i2c-2 Device 10DE:220A Subsystem: 1043:886B
1010  |Info:    Registering I2C interface: /dev/i2c-0 Device 0000:0000 Subsystem: 0000:0000
1010  |Info:    Registering I2C interface: /dev/i2c-9 Device 1022:790B Subsystem: 1043:87C0
1010  |Info:    Registering I2C interface: /dev/i2c-7 Device 1022:790B Subsystem: 1043:87C0
1010  |Info:    Registering I2C interface: /dev/i2c-5 Device 10DE:220A Subsystem: 1043:886B
1010  |Info:    ------------------------------------------------------
1010  |Info:    |               Detecting I2C devices                |
1010  |Info:    ------------------------------------------------------
1948  |Info:    [Corsair Dominator Platinum] Registering RGB controller
1959  |Info:    [Corsair Dominator Platinum] Registering RGB controller
2093  |Info:    ------------------------------------------------------
2093  |Info:    |               Detecting I2C PCI devices            |
2093  |Info:    ------------------------------------------------------
2309  |Info:    [ASUS ROG STRIX RTX 3080 O12G] Registering RGB controller
2433  |Info:    ------------------------------------------------------
2433  |Info:    |               Detecting HID devices                |
2433  |Info:    ------------------------------------------------------
2510  |Info:    [ASUS ROG STRIX B550-F GAMING WIFI II] Registering RGB controller
2659  |Info:    [Corsair Commander Core] Registering RGB controller
2690  |Info:    [KLM] Created new Full 104 key ANSI QWERTY with 6 rows and 21 columns containing 104 keys
2690  |Info:    [Razer Blackwidow Elite] Registering RGB controller
2714  |Info:    [Razer Naga Trinity] Registering RGB controller
2714  |Info:    ------------------------------------------------------
2714  |Info:    |            Detecting libusb HID devices            |
2714  |Info:    ------------------------------------------------------
2965  |Info:    ------------------------------------------------------
2965  |Info:    |              Detecting other devices               |
2965  |Info:    ------------------------------------------------------
2972  |Info:    ------------------------------------------------------
2972  |Info:    |                Detection completed                 |
2972  |Info:    ------------------------------------------------------
2972  |Info:    Profile loading: Succeeded for Corsair Dominator Platinum @ I2C: /dev/i2c-7, address 0x5A
2972  |Info:    Profile loading: Succeeded for Corsair Dominator Platinum @ I2C: /dev/i2c-7, address 0x5B
2972  |Info:    Profile loading: Succeeded for ASUS ROG STRIX RTX 3080 O12G @ I2C: /dev/i2c-1, address 0x67
2972  |Info:    Profile loading: Succeeded for ASUS ROG STRIX B550-F GAMING WIFI II @ HID: /dev/hidraw0
2972  |Info:    Profile loading: Succeeded for Corsair Commander Core @ HID: /dev/hidraw1
2972  |Info:    Profile loading: Succeeded for Razer Blackwidow Elite @ HID: /dev/hidraw3
2972  |Info:    Profile loading: Succeeded for Razer Naga Trinity @ HID: /dev/hidraw4
