    OpenRGB v0.9
    Commit: 11a4eac71fdeb90356b4e68249723fc97af3d110 from 2023-07-10 05:52:54 -0500
    Launched: 20231004_172540
====================================================================================================

0     |Info:    Found file: default.orp attempting to validate header
0     |Info:    Valid v4 profile found for default
0     |Info:    Found file: default365.orp attempting to validate header
0     |Info:    Valid v4 profile found for default365
1002  |Info:    ------------------------------------------------------
1002  |Info:    |               Start device detection               |
1002  |Info:    ------------------------------------------------------
1002  |Info:    Initializing HID interfaces: Success
1008  |Info:    ------------------------------------------------------
1008  |Info:    |             Detecting I2C interfaces               |
1008  |Info:    ------------------------------------------------------
1009  |Info:    Registering I2C interface: /dev/i2c-3 Device 10DE:220A Subsystem: 1043:886B
1009  |Info:    Registering I2C interface: /dev/i2c-1 Device 10DE:220A Subsystem: 1043:886B
1009  |Info:    Registering I2C interface: /dev/i2c-8 Device 1022:790B Subsystem: 1043:87C0
1009  |Info:    Registering I2C interface: /dev/i2c-6 Device 10DE:220A Subsystem: 1043:886B
1009  |Info:    Registering I2C interface: /dev/i2c-4 Device 10DE:220A Subsystem: 1043:886B
1009  |Info:    Registering I2C interface: /dev/i2c-2 Device 10DE:220A Subsystem: 1043:886B
1009  |Info:    Registering I2C interface: /dev/i2c-0 Device 0000:0000 Subsystem: 0000:0000
1009  |Info:    Registering I2C interface: /dev/i2c-9 Device 1022:790B Subsystem: 1043:87C0
1009  |Info:    Registering I2C interface: /dev/i2c-7 Device 1022:790B Subsystem: 1043:87C0
1009  |Info:    Registering I2C interface: /dev/i2c-5 Device 10DE:220A Subsystem: 1043:886B
1009  |Info:    ------------------------------------------------------
1009  |Info:    |               Detecting I2C devices                |
1009  |Info:    ------------------------------------------------------
1924  |Info:    [Corsair Dominator Platinum] Registering RGB controller
1936  |Info:    [Corsair Dominator Platinum] Registering RGB controller
2070  |Info:    ------------------------------------------------------
2070  |Info:    |               Detecting I2C PCI devices            |
2070  |Info:    ------------------------------------------------------
2280  |Info:    [ASUS ROG STRIX RTX 3080 O12G] Registering RGB controller
2403  |Info:    ------------------------------------------------------
2403  |Info:    |               Detecting HID devices                |
2403  |Info:    ------------------------------------------------------
2479  |Info:    [ASUS ROG STRIX B550-F GAMING WIFI II] Registering RGB controller
2626  |Info:    [Corsair Commander Core] Registering RGB controller
2658  |Info:    [KLM] Created new Full 104 key ANSI QWERTY with 6 rows and 21 columns containing 104 keys
2658  |Info:    [Razer Blackwidow Elite] Registering RGB controller
2681  |Info:    [Razer Naga Trinity] Registering RGB controller
2681  |Info:    ------------------------------------------------------
2681  |Info:    |            Detecting libusb HID devices            |
2681  |Info:    ------------------------------------------------------
2936  |Info:    ------------------------------------------------------
2936  |Info:    |              Detecting other devices               |
2936  |Info:    ------------------------------------------------------
2944  |Info:    ------------------------------------------------------
2944  |Info:    |                Detection completed                 |
2944  |Info:    ------------------------------------------------------
2944  |Info:    Profile loading: Succeeded for Corsair Dominator Platinum @ I2C: /dev/i2c-7, address 0x5A
2944  |Info:    Profile loading: Succeeded for Corsair Dominator Platinum @ I2C: /dev/i2c-7, address 0x5B
2944  |Info:    Profile loading: Succeeded for ASUS ROG STRIX RTX 3080 O12G @ I2C: /dev/i2c-1, address 0x67
2944  |Info:    Profile loading: Succeeded for ASUS ROG STRIX B550-F GAMING WIFI II @ HID: /dev/hidraw0
2944  |Info:    Profile loading: Succeeded for Corsair Commander Core @ HID: /dev/hidraw7
2944  |Info:    Profile loading: Succeeded for Razer Blackwidow Elite @ HID: /dev/hidraw3
2944  |Info:    Profile loading: Succeeded for Razer Naga Trinity @ HID: /dev/hidraw4
