    OpenRGB v0.9
    Commit: 11a4eac71fdeb90356b4e68249723fc97af3d110 from 2023-07-10 05:52:54 -0500
    Launched: 20230923_220653
====================================================================================================

1002  |Info:    ------------------------------------------------------
1002  |Info:    |               Start device detection               |
1002  |Info:    ------------------------------------------------------
1002  |Info:    Initializing HID interfaces: Success
1009  |Info:    ------------------------------------------------------
1009  |Info:    |             Detecting I2C interfaces               |
1009  |Info:    ------------------------------------------------------
1041  |Info:    Registering I2C interface: /dev/i2c-3 Device 10DE:220A Subsystem: 1043:886B
1041  |Info:    Registering I2C interface: /dev/i2c-1 Device 10DE:220A Subsystem: 1043:886B
1041  |Info:    Registering I2C interface: /dev/i2c-8 Device 1022:790B Subsystem: 1043:87C0
1041  |Info:    Registering I2C interface: /dev/i2c-6 Device 10DE:220A Subsystem: 1043:886B
1041  |Info:    Registering I2C interface: /dev/i2c-4 Device 10DE:220A Subsystem: 1043:886B
1041  |Info:    Registering I2C interface: /dev/i2c-2 Device 10DE:220A Subsystem: 1043:886B
1041  |Info:    Registering I2C interface: /dev/i2c-0 Device 0000:0000 Subsystem: 0000:0000
1041  |Info:    Registering I2C interface: /dev/i2c-9 Device 1022:790B Subsystem: 1043:87C0
1042  |Info:    Registering I2C interface: /dev/i2c-7 Device 1022:790B Subsystem: 1043:87C0
1042  |Info:    Registering I2C interface: /dev/i2c-5 Device 10DE:220A Subsystem: 1043:886B
1042  |Info:    ------------------------------------------------------
1042  |Info:    |               Detecting I2C devices                |
1042  |Info:    ------------------------------------------------------
1964  |Info:    [Corsair Dominator Platinum] Registering RGB controller
1976  |Info:    [Corsair Dominator Platinum] Registering RGB controller
2110  |Info:    ------------------------------------------------------
2110  |Info:    |               Detecting I2C PCI devices            |
2110  |Info:    ------------------------------------------------------
2322  |Info:    [ASUS ROG STRIX RTX 3080 O12G] Registering RGB controller
2446  |Info:    ------------------------------------------------------
2446  |Info:    |               Detecting HID devices                |
2446  |Info:    ------------------------------------------------------
2522  |Info:    [ASUS ROG STRIX B550-F GAMING WIFI II] Registering RGB controller
2680  |Info:    [Corsair Commander Core] Registering RGB controller
2711  |Info:    [KLM] Created new Full 104 key ANSI QWERTY with 6 rows and 21 columns containing 104 keys
2711  |Info:    [Razer Blackwidow Elite] Registering RGB controller
2735  |Info:    [Razer Naga Trinity] Registering RGB controller
2735  |Info:    ------------------------------------------------------
2735  |Info:    |            Detecting libusb HID devices            |
2735  |Info:    ------------------------------------------------------
2903  |Info:    ------------------------------------------------------
2903  |Info:    |              Detecting other devices               |
2903  |Info:    ------------------------------------------------------
2910  |Info:    ------------------------------------------------------
2910  |Info:    |                Detection completed                 |
2910  |Info:    ------------------------------------------------------
63732 |Info:    ------------------------------------------------------
63732 |Info:    |               Start device detection               |
63732 |Info:    ------------------------------------------------------
63733 |Info:    Initializing HID interfaces: Success
63739 |Info:    ------------------------------------------------------
63739 |Info:    |             Detecting I2C interfaces               |
63739 |Info:    ------------------------------------------------------
63739 |Info:    Registering I2C interface: /dev/i2c-3 Device 10DE:220A Subsystem: 1043:886B
63739 |Info:    Registering I2C interface: /dev/i2c-1 Device 10DE:220A Subsystem: 1043:886B
63739 |Info:    Registering I2C interface: /dev/i2c-8 Device 1022:790B Subsystem: 1043:87C0
63739 |Info:    Registering I2C interface: /dev/i2c-6 Device 10DE:220A Subsystem: 1043:886B
63739 |Info:    Registering I2C interface: /dev/i2c-4 Device 10DE:220A Subsystem: 1043:886B
63739 |Info:    Registering I2C interface: /dev/i2c-2 Device 10DE:220A Subsystem: 1043:886B
63739 |Info:    Registering I2C interface: /dev/i2c-0 Device 0000:0000 Subsystem: 0000:0000
63739 |Info:    Registering I2C interface: /dev/i2c-9 Device 1022:790B Subsystem: 1043:87C0
63739 |Info:    Registering I2C interface: /dev/i2c-7 Device 1022:790B Subsystem: 1043:87C0
63740 |Info:    Registering I2C interface: /dev/i2c-5 Device 10DE:220A Subsystem: 1043:886B
63740 |Info:    ------------------------------------------------------
63740 |Info:    |               Detecting I2C devices                |
63740 |Info:    ------------------------------------------------------
64658 |Info:    [Corsair Dominator Platinum] Registering RGB controller
64670 |Info:    [Corsair Dominator Platinum] Registering RGB controller
64804 |Info:    ------------------------------------------------------
64804 |Info:    |               Detecting I2C PCI devices            |
64804 |Info:    ------------------------------------------------------
65014 |Info:    [ASUS ROG STRIX RTX 3080 O12G] Registering RGB controller
65139 |Info:    ------------------------------------------------------
65139 |Info:    |               Detecting HID devices                |
65139 |Info:    ------------------------------------------------------
65214 |Info:    [ASUS ROG STRIX B550-F GAMING WIFI II] Registering RGB controller
65322 |Info:    [Corsair Commander Core] Registering RGB controller
65353 |Info:    [KLM] Created new Full 104 key ANSI QWERTY with 6 rows and 21 columns containing 104 keys
65353 |Info:    [Razer Blackwidow Elite] Registering RGB controller
65377 |Info:    [Razer Naga Trinity] Registering RGB controller
65377 |Info:    ------------------------------------------------------
65377 |Info:    |            Detecting libusb HID devices            |
65377 |Info:    ------------------------------------------------------
65539 |Info:    ------------------------------------------------------
65539 |Info:    |              Detecting other devices               |
65539 |Info:    ------------------------------------------------------
65540 |Info:    ------------------------------------------------------
65540 |Info:    |                Detection completed                 |
65540 |Info:    ------------------------------------------------------
