    OpenRGB v0.9
    Commit: 11a4eac71fdeb90356b4e68249723fc97af3d110 from 2023-07-10 05:52:54 -0500
    Launched: 20231006_090037
====================================================================================================

0     |Info:    Found file: default.orp attempting to validate header
0     |Info:    Valid v4 profile found for default
0     |Info:    Found file: default365.orp attempting to validate header
0     |Info:    Valid v4 profile found for default365
0     |Info:    Found file: retro.orp attempting to validate header
1     |Info:    Valid v4 profile found for retro
1002  |Info:    ------------------------------------------------------
1002  |Info:    |               Start device detection               |
1002  |Info:    ------------------------------------------------------
1003  |Info:    Initializing HID interfaces: Success
1425  |Info:    ------------------------------------------------------
1425  |Info:    |             Detecting I2C interfaces               |
1425  |Info:    ------------------------------------------------------
1425  |Info:    Registering I2C interface: /dev/i2c-3 Device 10DE:220A Subsystem: 1043:886B
1426  |Info:    Registering I2C interface: /dev/i2c-1 Device 10DE:220A Subsystem: 1043:886B
1426  |Info:    Registering I2C interface: /dev/i2c-8 Device 1022:790B Subsystem: 1043:87C0
1426  |Info:    Registering I2C interface: /dev/i2c-6 Device 10DE:220A Subsystem: 1043:886B
1426  |Info:    Registering I2C interface: /dev/i2c-4 Device 10DE:220A Subsystem: 1043:886B
1426  |Info:    Registering I2C interface: /dev/i2c-2 Device 10DE:220A Subsystem: 1043:886B
1426  |Info:    Registering I2C interface: /dev/i2c-0 Device 0000:0000 Subsystem: 0000:0000
1426  |Info:    Registering I2C interface: /dev/i2c-9 Device 1022:790B Subsystem: 1043:87C0
1427  |Info:    Registering I2C interface: /dev/i2c-7 Device 1022:790B Subsystem: 1043:87C0
1427  |Info:    Registering I2C interface: /dev/i2c-5 Device 10DE:220A Subsystem: 1043:886B
1427  |Info:    ------------------------------------------------------
1427  |Info:    |               Detecting I2C devices                |
1427  |Info:    ------------------------------------------------------
2358  |Info:    [Corsair Dominator Platinum] Registering RGB controller
2369  |Info:    [Corsair Dominator Platinum] Registering RGB controller
2504  |Info:    ------------------------------------------------------
2504  |Info:    |               Detecting I2C PCI devices            |
2504  |Info:    ------------------------------------------------------
2717  |Info:    [ASUS ROG STRIX RTX 3080 O12G] Registering RGB controller
2840  |Info:    ------------------------------------------------------
2840  |Info:    |               Detecting HID devices                |
2840  |Info:    ------------------------------------------------------
2917  |Info:    [ASUS ROG STRIX B550-F GAMING WIFI II] Registering RGB controller
3073  |Info:    [Corsair Commander Core] Registering RGB controller
3073  |Info:    ------------------------------------------------------
3073  |Info:    |            Detecting libusb HID devices            |
3073  |Info:    ------------------------------------------------------
3542  |Info:    ------------------------------------------------------
3542  |Info:    |              Detecting other devices               |
3542  |Info:    ------------------------------------------------------
3547  |Info:    ------------------------------------------------------
3547  |Info:    |                Detection completed                 |
3547  |Info:    ------------------------------------------------------
3548  |Info:    Profile loading: Succeeded for Corsair Dominator Platinum @ I2C: /dev/i2c-7, address 0x5A
3548  |Info:    Profile loading: Succeeded for Corsair Dominator Platinum @ I2C: /dev/i2c-7, address 0x5B
3548  |Info:    Profile loading: Succeeded for ASUS ROG STRIX RTX 3080 O12G @ I2C: /dev/i2c-1, address 0x67
3548  |Info:    Profile loading: Succeeded for ASUS ROG STRIX B550-F GAMING WIFI II @ HID: /dev/hidraw0
3548  |Info:    Profile loading: Succeeded for Corsair Commander Core @ HID: /dev/hidraw1
