    OpenRGB v0.9
    Commit: 11a4eac71fdeb90356b4e68249723fc97af3d110 from 2023-07-10 05:52:54 -0500
    Launched: 20230924_024503
====================================================================================================

0     |Info:    Found file: default.orp attempting to validate header
0     |Info:    Valid v4 profile found for default
1001  |Info:    ------------------------------------------------------
1001  |Info:    |               Start device detection               |
1001  |Info:    ------------------------------------------------------
1002  |Info:    Initializing HID interfaces: Success
1009  |Info:    ------------------------------------------------------
1009  |Info:    |             Detecting I2C interfaces               |
1009  |Info:    ------------------------------------------------------
1039  |Info:    Registering I2C interface: /dev/i2c-3 Device 10DE:220A Subsystem: 1043:886B
1039  |Info:    Registering I2C interface: /dev/i2c-1 Device 10DE:220A Subsystem: 1043:886B
1039  |Info:    Registering I2C interface: /dev/i2c-8 Device 1022:790B Subsystem: 1043:87C0
1039  |Info:    Registering I2C interface: /dev/i2c-6 Device 10DE:220A Subsystem: 1043:886B
1039  |Info:    Registering I2C interface: /dev/i2c-4 Device 10DE:220A Subsystem: 1043:886B
1039  |Info:    Registering I2C interface: /dev/i2c-2 Device 10DE:220A Subsystem: 1043:886B
1039  |Info:    Registering I2C interface: /dev/i2c-0 Device 0000:0000 Subsystem: 0000:0000
1039  |Info:    Registering I2C interface: /dev/i2c-9 Device 1022:790B Subsystem: 1043:87C0
1039  |Info:    Registering I2C interface: /dev/i2c-7 Device 1022:790B Subsystem: 1043:87C0
1040  |Info:    Registering I2C interface: /dev/i2c-5 Device 10DE:220A Subsystem: 1043:886B
1040  |Info:    ------------------------------------------------------
1040  |Info:    |               Detecting I2C devices                |
1040  |Info:    ------------------------------------------------------
1980  |Info:    [Corsair Dominator Platinum] Registering RGB controller
1992  |Info:    [Corsair Dominator Platinum] Registering RGB controller
2126  |Info:    ------------------------------------------------------
2126  |Info:    |               Detecting I2C PCI devices            |
2126  |Info:    ------------------------------------------------------
2340  |Info:    [ASUS ROG STRIX RTX 3080 O12G] Registering RGB controller
2464  |Info:    ------------------------------------------------------
2464  |Info:    |               Detecting HID devices                |
2464  |Info:    ------------------------------------------------------
2541  |Info:    [ASUS ROG STRIX B550-F GAMING WIFI II] Registering RGB controller
2674  |Info:    [Corsair Commander Core] Registering RGB controller
2704  |Info:    [KLM] Created new Full 104 key ANSI QWERTY with 6 rows and 21 columns containing 104 keys
2705  |Info:    [Razer Blackwidow Elite] Registering RGB controller
2728  |Info:    [Razer Naga Trinity] Registering RGB controller
2728  |Info:    ------------------------------------------------------
2728  |Info:    |            Detecting libusb HID devices            |
2728  |Info:    ------------------------------------------------------
2896  |Info:    ------------------------------------------------------
2896  |Info:    |              Detecting other devices               |
2896  |Info:    ------------------------------------------------------
2904  |Info:    ------------------------------------------------------
2904  |Info:    |                Detection completed                 |
2904  |Info:    ------------------------------------------------------
41540 |Info:    Profile loading: Succeeded for Corsair Dominator Platinum @ I2C: /dev/i2c-7, address 0x5A
41540 |Info:    Profile loading: Succeeded for Corsair Dominator Platinum @ I2C: /dev/i2c-7, address 0x5B
41540 |Info:    Profile loading: Succeeded for ASUS ROG STRIX RTX 3080 O12G @ I2C: /dev/i2c-1, address 0x67
41540 |Info:    Profile loading: Succeeded for ASUS ROG STRIX B550-F GAMING WIFI II @ HID: /dev/hidraw0
41540 |Info:    Profile loading: Succeeded for Corsair Commander Core @ HID: /dev/hidraw7
41540 |Info:    Profile loading: Succeeded for Razer Blackwidow Elite @ HID: /dev/hidraw3
41540 |Info:    Profile loading: Succeeded for Razer Naga Trinity @ HID: /dev/hidraw4
43501 |Info:    Profile loading: Succeeded for Corsair Dominator Platinum @ I2C: /dev/i2c-7, address 0x5A
43501 |Info:    Profile loading: Succeeded for Corsair Dominator Platinum @ I2C: /dev/i2c-7, address 0x5B
43501 |Info:    Profile loading: Succeeded for ASUS ROG STRIX RTX 3080 O12G @ I2C: /dev/i2c-1, address 0x67
43501 |Info:    Profile loading: Succeeded for ASUS ROG STRIX B550-F GAMING WIFI II @ HID: /dev/hidraw0
43501 |Info:    Profile loading: Succeeded for Corsair Commander Core @ HID: /dev/hidraw7
43501 |Info:    Profile loading: Succeeded for Razer Blackwidow Elite @ HID: /dev/hidraw3
43501 |Info:    Profile loading: Succeeded for Razer Naga Trinity @ HID: /dev/hidraw4
44376 |Info:    Profile loading: Succeeded for Corsair Dominator Platinum @ I2C: /dev/i2c-7, address 0x5A
44376 |Info:    Profile loading: Succeeded for Corsair Dominator Platinum @ I2C: /dev/i2c-7, address 0x5B
44376 |Info:    Profile loading: Succeeded for ASUS ROG STRIX RTX 3080 O12G @ I2C: /dev/i2c-1, address 0x67
44376 |Info:    Profile loading: Succeeded for ASUS ROG STRIX B550-F GAMING WIFI II @ HID: /dev/hidraw0
44376 |Info:    Profile loading: Succeeded for Corsair Commander Core @ HID: /dev/hidraw7
44376 |Info:    Profile loading: Succeeded for Razer Blackwidow Elite @ HID: /dev/hidraw3
44376 |Info:    Profile loading: Succeeded for Razer Naga Trinity @ HID: /dev/hidraw4
47502 |Info:    Profile loading: Succeeded for Corsair Dominator Platinum @ I2C: /dev/i2c-7, address 0x5A
47502 |Info:    Profile loading: Succeeded for Corsair Dominator Platinum @ I2C: /dev/i2c-7, address 0x5B
47502 |Info:    Profile loading: Succeeded for ASUS ROG STRIX RTX 3080 O12G @ I2C: /dev/i2c-1, address 0x67
47502 |Info:    Profile loading: Succeeded for ASUS ROG STRIX B550-F GAMING WIFI II @ HID: /dev/hidraw0
47502 |Info:    Profile loading: Succeeded for Corsair Commander Core @ HID: /dev/hidraw7
47502 |Info:    Profile loading: Succeeded for Razer Blackwidow Elite @ HID: /dev/hidraw3
47502 |Info:    Profile loading: Succeeded for Razer Naga Trinity @ HID: /dev/hidraw4
51661 |Info:    Found file: default.orp attempting to validate header
51661 |Info:    Valid v4 profile found for default
52742 |Info:    Found file: default.orp attempting to validate header
52742 |Info:    Valid v4 profile found for default
68577 |Info:    Found file: default.orp attempting to validate header
68577 |Info:    Valid v4 profile found for default
68577 |Info:    Found file: default365.orp attempting to validate header
68577 |Info:    Valid v4 profile found for default365
70861 |Info:    Found file: default.orp attempting to validate header
70861 |Info:    Valid v4 profile found for default
70861 |Info:    Found file: default365.orp attempting to validate header
70861 |Info:    Valid v4 profile found for default365
