    OpenRGB v0.9
    Commit: 11a4eac71fdeb90356b4e68249723fc97af3d110 from 2023-07-10 05:52:54 -0500
    Launched: 20230924_024746
====================================================================================================

0     |Info:    Found file: default.orp attempting to validate header
0     |Info:    Valid v4 profile found for default
0     |Info:    Found file: default365.orp attempting to validate header
0     |Info:    Valid v4 profile found for default365
1002  |Info:    ------------------------------------------------------
1002  |Info:    |               Start device detection               |
1002  |Info:    ------------------------------------------------------
1002  |Info:    Initializing HID interfaces: Success
1008  |Info:    ------------------------------------------------------
1008  |Info:    |             Detecting I2C interfaces               |
1008  |Info:    ------------------------------------------------------
1009  |Info:    Registering I2C interface: /dev/i2c-3 Device 10DE:220A Subsystem: 1043:886B
1009  |Info:    Registering I2C interface: /dev/i2c-1 Device 10DE:220A Subsystem: 1043:886B
1009  |Info:    Registering I2C interface: /dev/i2c-8 Device 1022:790B Subsystem: 1043:87C0
1009  |Info:    Registering I2C interface: /dev/i2c-6 Device 10DE:220A Subsystem: 1043:886B
1009  |Info:    Registering I2C interface: /dev/i2c-4 Device 10DE:220A Subsystem: 1043:886B
1009  |Info:    Registering I2C interface: /dev/i2c-2 Device 10DE:220A Subsystem: 1043:886B
1009  |Info:    Registering I2C interface: /dev/i2c-0 Device 0000:0000 Subsystem: 0000:0000
1009  |Info:    Registering I2C interface: /dev/i2c-9 Device 1022:790B Subsystem: 1043:87C0
1009  |Info:    Registering I2C interface: /dev/i2c-7 Device 1022:790B Subsystem: 1043:87C0
1009  |Info:    Registering I2C interface: /dev/i2c-5 Device 10DE:220A Subsystem: 1043:886B
1009  |Info:    ------------------------------------------------------
1009  |Info:    |               Detecting I2C devices                |
1009  |Info:    ------------------------------------------------------
1949  |Info:    [Corsair Dominator Platinum] Registering RGB controller
1960  |Info:    [Corsair Dominator Platinum] Registering RGB controller
2094  |Info:    ------------------------------------------------------
2094  |Info:    |               Detecting I2C PCI devices            |
2094  |Info:    ------------------------------------------------------
2336  |Info:    [ASUS ROG STRIX RTX 3080 O12G] Registering RGB controller
2461  |Info:    ------------------------------------------------------
2461  |Info:    |               Detecting HID devices                |
2461  |Info:    ------------------------------------------------------
2538  |Info:    [ASUS ROG STRIX B550-F GAMING WIFI II] Registering RGB controller
2674  |Info:    [Corsair Commander Core] Registering RGB controller
2705  |Info:    [KLM] Created new Full 104 key ANSI QWERTY with 6 rows and 21 columns containing 104 keys
2705  |Info:    [Razer Blackwidow Elite] Registering RGB controller
2729  |Info:    [Razer Naga Trinity] Registering RGB controller
2729  |Info:    ------------------------------------------------------
2729  |Info:    |            Detecting libusb HID devices            |
2729  |Info:    ------------------------------------------------------
2978  |Info:    ------------------------------------------------------
2978  |Info:    |              Detecting other devices               |
2978  |Info:    ------------------------------------------------------
2989  |Info:    ------------------------------------------------------
2989  |Info:    |                Detection completed                 |
2989  |Info:    ------------------------------------------------------
