    OpenRGB v0.9
    Commit: 11a4eac71fdeb90356b4e68249723fc97af3d110 from 2023-07-10 05:52:54 -0500
    Launched: 20231015_100802
====================================================================================================

0     |Info:    Found file: default.orp attempting to validate header
0     |Info:    Valid v4 profile found for default
0     |Info:    Found file: default365.orp attempting to validate header
0     |Info:    Valid v4 profile found for default365
0     |Info:    Found file: retro.orp attempting to validate header
1     |Info:    Valid v4 profile found for retro
1003  |Info:    ------------------------------------------------------
1003  |Info:    |               Start device detection               |
1003  |Info:    ------------------------------------------------------
1003  |Info:    Initializing HID interfaces: Success
1009  |Info:    ------------------------------------------------------
1009  |Info:    |             Detecting I2C interfaces               |
1009  |Info:    ------------------------------------------------------
1009  |Info:    Registering I2C interface: /dev/i2c-3 Device 10DE:220A Subsystem: 1043:886B
1009  |Info:    Registering I2C interface: /dev/i2c-1 Device 10DE:220A Subsystem: 1043:886B
1010  |Info:    Registering I2C interface: /dev/i2c-8 Device 1022:790B Subsystem: 1043:87C0
1010  |Info:    Registering I2C interface: /dev/i2c-6 Device 10DE:220A Subsystem: 1043:886B
1010  |Info:    Registering I2C interface: /dev/i2c-4 Device 10DE:220A Subsystem: 1043:886B
1010  |Info:    Registering I2C interface: /dev/i2c-2 Device 10DE:220A Subsystem: 1043:886B
1010  |Info:    Registering I2C interface: /dev/i2c-0 Device 0000:0000 Subsystem: 0000:0000
1010  |Info:    Registering I2C interface: /dev/i2c-9 Device 1022:790B Subsystem: 1043:87C0
1010  |Info:    Registering I2C interface: /dev/i2c-7 Device 1022:790B Subsystem: 1043:87C0
1010  |Info:    Registering I2C interface: /dev/i2c-5 Device 10DE:220A Subsystem: 1043:886B
1010  |Info:    ------------------------------------------------------
1010  |Info:    |               Detecting I2C devices                |
1010  |Info:    ------------------------------------------------------
1942  |Info:    [Corsair Dominator Platinum] Registering RGB controller
1953  |Info:    [Corsair Dominator Platinum] Registering RGB controller
2087  |Info:    ------------------------------------------------------
2087  |Info:    |               Detecting I2C PCI devices            |
2088  |Info:    ------------------------------------------------------
2298  |Info:    [ASUS ROG STRIX RTX 3080 O12G] Registering RGB controller
2421  |Info:    ------------------------------------------------------
2421  |Info:    |               Detecting HID devices                |
2421  |Info:    ------------------------------------------------------
2497  |Info:    [ASUS ROG STRIX B550-F GAMING WIFI II] Registering RGB controller
2634  |Info:    [Corsair Commander Core] Registering RGB controller
2666  |Info:    [KLM] Created new Full 104 key ANSI QWERTY with 6 rows and 21 columns containing 104 keys
2666  |Info:    [Razer Blackwidow Elite] Registering RGB controller
2690  |Info:    [Razer Naga Trinity] Registering RGB controller
2690  |Info:    ------------------------------------------------------
2690  |Info:    |            Detecting libusb HID devices            |
2690  |Info:    ------------------------------------------------------
2944  |Info:    ------------------------------------------------------
2944  |Info:    |              Detecting other devices               |
2944  |Info:    ------------------------------------------------------
2954  |Info:    ------------------------------------------------------
2954  |Info:    |                Detection completed                 |
2954  |Info:    ------------------------------------------------------
2954  |Info:    Profile loading: Succeeded for Corsair Dominator Platinum @ I2C: /dev/i2c-7, address 0x5A
2954  |Info:    Profile loading: Succeeded for Corsair Dominator Platinum @ I2C: /dev/i2c-7, address 0x5B
2954  |Info:    Profile loading: Succeeded for ASUS ROG STRIX RTX 3080 O12G @ I2C: /dev/i2c-1, address 0x67
2954  |Info:    Profile loading: Succeeded for ASUS ROG STRIX B550-F GAMING WIFI II @ HID: /dev/hidraw0
2954  |Info:    Profile loading: Succeeded for Corsair Commander Core @ HID: /dev/hidraw1
2954  |Info:    Profile loading: Succeeded for Razer Blackwidow Elite @ HID: /dev/hidraw3
2954  |Info:    Profile loading: Succeeded for Razer Naga Trinity @ HID: /dev/hidraw4
