    OpenRGB v0.9
    Commit: 11a4eac71fdeb90356b4e68249723fc97af3d110 from 2023-07-10 05:52:54 -0500
    Launched: 20231002_013450
====================================================================================================

0     |Info:    Found file: default.orp attempting to validate header
0     |Info:    Valid v4 profile found for default
0     |Info:    Found file: default365.orp attempting to validate header
0     |Info:    Valid v4 profile found for default365
1001  |Info:    ------------------------------------------------------
1001  |Info:    |               Start device detection               |
1001  |Info:    ------------------------------------------------------
1001  |Info:    Initializing HID interfaces: Success
1009  |Info:    ------------------------------------------------------
1009  |Info:    |             Detecting I2C interfaces               |
1009  |Info:    ------------------------------------------------------
1010  |Info:    Registering I2C interface: /dev/i2c-3 Device 10DE:220A Subsystem: 1043:886B
1010  |Info:    Registering I2C interface: /dev/i2c-1 Device 10DE:220A Subsystem: 1043:886B
1010  |Info:    Registering I2C interface: /dev/i2c-8 Device 1022:790B Subsystem: 1043:87C0
1010  |Info:    Registering I2C interface: /dev/i2c-6 Device 10DE:220A Subsystem: 1043:886B
1010  |Info:    Registering I2C interface: /dev/i2c-4 Device 10DE:220A Subsystem: 1043:886B
1011  |Info:    Registering I2C interface: /dev/i2c-2 Device 10DE:220A Subsystem: 1043:886B
1017  |Info:    Registering I2C interface: /dev/i2c-0 Device 0000:0000 Subsystem: 0000:0000
1018  |Info:    Registering I2C interface: /dev/i2c-9 Device 1022:790B Subsystem: 1043:87C0
1018  |Info:    Registering I2C interface: /dev/i2c-7 Device 1022:790B Subsystem: 1043:87C0
1018  |Info:    Registering I2C interface: /dev/i2c-5 Device 10DE:220A Subsystem: 1043:886B
1018  |Info:    ------------------------------------------------------
1018  |Info:    |               Detecting I2C devices                |
1018  |Info:    ------------------------------------------------------
1945  |Info:    [Corsair Dominator Platinum] Registering RGB controller
1956  |Info:    [Corsair Dominator Platinum] Registering RGB controller
2091  |Info:    ------------------------------------------------------
2091  |Info:    |               Detecting I2C PCI devices            |
2091  |Info:    ------------------------------------------------------
2356  |Info:    [ASUS ROG STRIX RTX 3080 O12G] Registering RGB controller
2481  |Info:    ------------------------------------------------------
2481  |Info:    |               Detecting HID devices                |
2481  |Info:    ------------------------------------------------------
2556  |Info:    [ASUS ROG STRIX B550-F GAMING WIFI II] Registering RGB controller
2699  |Info:    [Corsair Commander Core] Registering RGB controller
2730  |Info:    [KLM] Created new Full 104 key ANSI QWERTY with 6 rows and 21 columns containing 104 keys
2730  |Info:    [Razer Blackwidow Elite] Registering RGB controller
2753  |Info:    [Razer Naga Trinity] Registering RGB controller
2754  |Info:    ------------------------------------------------------
2754  |Info:    |            Detecting libusb HID devices            |
2754  |Info:    ------------------------------------------------------
2924  |Info:    ------------------------------------------------------
2924  |Info:    |              Detecting other devices               |
2924  |Info:    ------------------------------------------------------
2933  |Info:    ------------------------------------------------------
2934  |Info:    |                Detection completed                 |
2934  |Info:    ------------------------------------------------------
