    OpenRGB v0.9
    Commit: 11a4eac71fdeb90356b4e68249723fc97af3d110 from 2023-07-10 05:52:54 -0500
    Launched: 20230924_023953
====================================================================================================

1002  |Info:    ------------------------------------------------------
1002  |Info:    |               Start device detection               |
1002  |Info:    ------------------------------------------------------
1002  |Info:    Initializing HID interfaces: Success
1009  |Info:    ------------------------------------------------------
1009  |Info:    |             Detecting I2C interfaces               |
1009  |Info:    ------------------------------------------------------
1037  |Info:    Registering I2C interface: /dev/i2c-3 Device 10DE:220A Subsystem: 1043:886B
1037  |Info:    Registering I2C interface: /dev/i2c-1 Device 10DE:220A Subsystem: 1043:886B
1037  |Info:    Registering I2C interface: /dev/i2c-8 Device 1022:790B Subsystem: 1043:87C0
1037  |Info:    Registering I2C interface: /dev/i2c-6 Device 10DE:220A Subsystem: 1043:886B
1037  |Info:    Registering I2C interface: /dev/i2c-4 Device 10DE:220A Subsystem: 1043:886B
1037  |Info:    Registering I2C interface: /dev/i2c-2 Device 10DE:220A Subsystem: 1043:886B
1037  |Info:    Registering I2C interface: /dev/i2c-0 Device 0000:0000 Subsystem: 0000:0000
1037  |Info:    Registering I2C interface: /dev/i2c-9 Device 1022:790B Subsystem: 1043:87C0
1037  |Info:    Registering I2C interface: /dev/i2c-7 Device 1022:790B Subsystem: 1043:87C0
1038  |Info:    Registering I2C interface: /dev/i2c-5 Device 10DE:220A Subsystem: 1043:886B
1038  |Info:    ------------------------------------------------------
1038  |Info:    |               Detecting I2C devices                |
1038  |Info:    ------------------------------------------------------
1976  |Info:    [Corsair Dominator Platinum] Registering RGB controller
1987  |Info:    [Corsair Dominator Platinum] Registering RGB controller
2122  |Info:    ------------------------------------------------------
2122  |Info:    |               Detecting I2C PCI devices            |
2122  |Info:    ------------------------------------------------------
2335  |Info:    [ASUS ROG STRIX RTX 3080 O12G] Registering RGB controller
2460  |Info:    ------------------------------------------------------
2460  |Info:    |               Detecting HID devices                |
2460  |Info:    ------------------------------------------------------
2535  |Info:    [ASUS ROG STRIX B550-F GAMING WIFI II] Registering RGB controller
2673  |Info:    [Corsair Commander Core] Registering RGB controller
2704  |Info:    [KLM] Created new Full 104 key ANSI QWERTY with 6 rows and 21 columns containing 104 keys
2704  |Info:    [Razer Blackwidow Elite] Registering RGB controller
2727  |Info:    [Razer Naga Trinity] Registering RGB controller
2727  |Info:    ------------------------------------------------------
2727  |Info:    |            Detecting libusb HID devices            |
2727  |Info:    ------------------------------------------------------
2904  |Info:    ------------------------------------------------------
2904  |Info:    |              Detecting other devices               |
2904  |Info:    ------------------------------------------------------
2910  |Info:    ------------------------------------------------------
2910  |Info:    |                Detection completed                 |
2910  |Info:    ------------------------------------------------------
8057  |Info:    Profile loading: FAILED! for Corsair Dominator Platinum @ I2C: /dev/i2c-7, address 0x5A
8057  |Info:    Profile loading: FAILED! for Corsair Dominator Platinum @ I2C: /dev/i2c-7, address 0x5B
8057  |Info:    Profile loading: FAILED! for ASUS ROG STRIX RTX 3080 O12G @ I2C: /dev/i2c-1, address 0x67
8057  |Info:    Profile loading: FAILED! for ASUS ROG STRIX B550-F GAMING WIFI II @ HID: /dev/hidraw0
8057  |Info:    Profile loading: FAILED! for Corsair Commander Core @ HID: /dev/hidraw7
8057  |Info:    Profile loading: FAILED! for Razer Blackwidow Elite @ HID: /dev/hidraw3
8057  |Info:    Profile loading: FAILED! for Razer Naga Trinity @ HID: /dev/hidraw4
13679 |Info:    ------------------------------------------------------
13679 |Info:    |               Start device detection               |
13679 |Info:    ------------------------------------------------------
13679 |Info:    Initializing HID interfaces: Success
13687 |Info:    ------------------------------------------------------
13687 |Info:    |             Detecting I2C interfaces               |
13687 |Info:    ------------------------------------------------------
13687 |Info:    Registering I2C interface: /dev/i2c-3 Device 10DE:220A Subsystem: 1043:886B
13687 |Info:    Registering I2C interface: /dev/i2c-1 Device 10DE:220A Subsystem: 1043:886B
13687 |Info:    Registering I2C interface: /dev/i2c-8 Device 1022:790B Subsystem: 1043:87C0
13687 |Info:    Registering I2C interface: /dev/i2c-6 Device 10DE:220A Subsystem: 1043:886B
13687 |Info:    Registering I2C interface: /dev/i2c-4 Device 10DE:220A Subsystem: 1043:886B
13687 |Info:    Registering I2C interface: /dev/i2c-2 Device 10DE:220A Subsystem: 1043:886B
13687 |Info:    Registering I2C interface: /dev/i2c-0 Device 0000:0000 Subsystem: 0000:0000
13687 |Info:    Registering I2C interface: /dev/i2c-9 Device 1022:790B Subsystem: 1043:87C0
13687 |Info:    Registering I2C interface: /dev/i2c-7 Device 1022:790B Subsystem: 1043:87C0
13688 |Info:    Registering I2C interface: /dev/i2c-5 Device 10DE:220A Subsystem: 1043:886B
13688 |Info:    ------------------------------------------------------
13688 |Info:    |               Detecting I2C devices                |
13688 |Info:    ------------------------------------------------------
14608 |Info:    [Corsair Dominator Platinum] Registering RGB controller
14620 |Info:    [Corsair Dominator Platinum] Registering RGB controller
14754 |Info:    ------------------------------------------------------
14754 |Info:    |               Detecting I2C PCI devices            |
14754 |Info:    ------------------------------------------------------
15007 |Info:    [ASUS ROG STRIX RTX 3080 O12G] Registering RGB controller
15131 |Info:    ------------------------------------------------------
15131 |Info:    |               Detecting HID devices                |
15131 |Info:    ------------------------------------------------------
15207 |Info:    [ASUS ROG STRIX B550-F GAMING WIFI II] Registering RGB controller
15316 |Info:    [Corsair Commander Core] Registering RGB controller
15347 |Info:    [KLM] Created new Full 104 key ANSI QWERTY with 6 rows and 21 columns containing 104 keys
15347 |Info:    [Razer Blackwidow Elite] Registering RGB controller
15371 |Info:    [Razer Naga Trinity] Registering RGB controller
15371 |Info:    ------------------------------------------------------
15371 |Info:    |            Detecting libusb HID devices            |
15371 |Info:    ------------------------------------------------------
15533 |Info:    ------------------------------------------------------
15533 |Info:    |              Detecting other devices               |
15533 |Info:    ------------------------------------------------------
15534 |Info:    ------------------------------------------------------
15534 |Info:    |                Detection completed                 |
15534 |Info:    ------------------------------------------------------
68229 |Info:    Found file: default.orp attempting to validate header
68229 |Info:    Valid v4 profile found for default
