    OpenRGB v0.9
    Commit: 11a4eac71fdeb90356b4e68249723fc97af3d110 from 2023-07-10 05:52:54 -0500
    Launched: 20231002_013509
====================================================================================================

0     |Info:    Found file: default.orp attempting to validate header
0     |Info:    Valid v4 profile found for default
0     |Info:    Found file: default365.orp attempting to validate header
0     |Info:    Valid v4 profile found for default365
1008  |Info:    ------------------------------------------------------
1008  |Info:    |               Start device detection               |
1008  |Info:    ------------------------------------------------------
1008  |Info:    Initializing HID interfaces: Success
1015  |Info:    ------------------------------------------------------
1015  |Info:    |             Detecting I2C interfaces               |
1015  |Info:    ------------------------------------------------------
1015  |Info:    Registering I2C interface: /dev/i2c-3 Device 10DE:220A Subsystem: 1043:886B
1016  |Info:    Registering I2C interface: /dev/i2c-1 Device 10DE:220A Subsystem: 1043:886B
1016  |Info:    Registering I2C interface: /dev/i2c-8 Device 1022:790B Subsystem: 1043:87C0
1016  |Info:    Registering I2C interface: /dev/i2c-6 Device 10DE:220A Subsystem: 1043:886B
1016  |Info:    Registering I2C interface: /dev/i2c-4 Device 10DE:220A Subsystem: 1043:886B
1016  |Info:    Registering I2C interface: /dev/i2c-2 Device 10DE:220A Subsystem: 1043:886B
1016  |Info:    Registering I2C interface: /dev/i2c-0 Device 0000:0000 Subsystem: 0000:0000
1016  |Info:    Registering I2C interface: /dev/i2c-9 Device 1022:790B Subsystem: 1043:87C0
1016  |Info:    Registering I2C interface: /dev/i2c-7 Device 1022:790B Subsystem: 1043:87C0
1017  |Info:    Registering I2C interface: /dev/i2c-5 Device 10DE:220A Subsystem: 1043:886B
1017  |Info:    ------------------------------------------------------
1017  |Info:    |               Detecting I2C devices                |
1017  |Info:    ------------------------------------------------------
1956  |Info:    [Corsair Dominator Platinum] Registering RGB controller
1967  |Info:    [Corsair Dominator Platinum] Registering RGB controller
2102  |Info:    ------------------------------------------------------
2102  |Info:    |               Detecting I2C PCI devices            |
2102  |Info:    ------------------------------------------------------
2327  |Info:    [ASUS ROG STRIX RTX 3080 O12G] Registering RGB controller
2451  |Info:    ------------------------------------------------------
2451  |Info:    |               Detecting HID devices                |
2451  |Info:    ------------------------------------------------------
2528  |Info:    [ASUS ROG STRIX B550-F GAMING WIFI II] Registering RGB controller
2638  |Info:    [Corsair Commander Core] Registering RGB controller
2669  |Info:    [KLM] Created new Full 104 key ANSI QWERTY with 6 rows and 21 columns containing 104 keys
2669  |Info:    [Razer Blackwidow Elite] Registering RGB controller
2693  |Info:    [Razer Naga Trinity] Registering RGB controller
2693  |Info:    ------------------------------------------------------
2693  |Info:    |            Detecting libusb HID devices            |
2693  |Info:    ------------------------------------------------------
2861  |Info:    ------------------------------------------------------
2861  |Info:    |              Detecting other devices               |
2861  |Info:    ------------------------------------------------------
2870  |Info:    ------------------------------------------------------
2870  |Info:    |                Detection completed                 |
2870  |Info:    ------------------------------------------------------
