    OpenRGB v0.9
    Commit: 11a4eac71fdeb90356b4e68249723fc97af3d110 from 2023-07-10 05:52:54 -0500
    Launched: 20231013_085846
====================================================================================================

0     |Info:    Found file: default.orp attempting to validate header
0     |Info:    Valid v4 profile found for default
0     |Info:    Found file: default365.orp attempting to validate header
0     |Info:    Valid v4 profile found for default365
0     |Info:    Found file: retro.orp attempting to validate header
1     |Info:    Valid v4 profile found for retro
1003  |Info:    ------------------------------------------------------
1003  |Info:    |               Start device detection               |
1003  |Info:    ------------------------------------------------------
1003  |Info:    Initializing HID interfaces: Success
1151  |Info:    ------------------------------------------------------
1151  |Info:    |             Detecting I2C interfaces               |
1151  |Info:    ------------------------------------------------------
1151  |Info:    Registering I2C interface: /dev/i2c-3 Device 10DE:220A Subsystem: 1043:886B
1151  |Info:    Registering I2C interface: /dev/i2c-1 Device 10DE:220A Subsystem: 1043:886B
1152  |Info:    Registering I2C interface: /dev/i2c-8 Device 1022:790B Subsystem: 1043:87C0
1152  |Info:    Registering I2C interface: /dev/i2c-6 Device 10DE:220A Subsystem: 1043:886B
1152  |Info:    Registering I2C interface: /dev/i2c-4 Device 10DE:220A Subsystem: 1043:886B
1152  |Info:    Registering I2C interface: /dev/i2c-2 Device 10DE:220A Subsystem: 1043:886B
1152  |Info:    Registering I2C interface: /dev/i2c-0 Device 0000:0000 Subsystem: 0000:0000
1152  |Info:    Registering I2C interface: /dev/i2c-9 Device 1022:790B Subsystem: 1043:87C0
1152  |Info:    Registering I2C interface: /dev/i2c-7 Device 1022:790B Subsystem: 1043:87C0
1152  |Info:    Registering I2C interface: /dev/i2c-5 Device 10DE:220A Subsystem: 1043:886B
1152  |Info:    ------------------------------------------------------
1152  |Info:    |               Detecting I2C devices                |
1152  |Info:    ------------------------------------------------------
2098  |Info:    [Corsair Dominator Platinum] Registering RGB controller
2109  |Info:    [Corsair Dominator Platinum] Registering RGB controller
2245  |Info:    ------------------------------------------------------
2245  |Info:    |               Detecting I2C PCI devices            |
2245  |Info:    ------------------------------------------------------
2458  |Info:    [ASUS ROG STRIX RTX 3080 O12G] Registering RGB controller
2582  |Info:    ------------------------------------------------------
2582  |Info:    |               Detecting HID devices                |
2582  |Info:    ------------------------------------------------------
2661  |Info:    [ASUS ROG STRIX B550-F GAMING WIFI II] Registering RGB controller
2810  |Info:    [Corsair Commander Core] Registering RGB controller
2810  |Info:    ------------------------------------------------------
2810  |Info:    |            Detecting libusb HID devices            |
2810  |Info:    ------------------------------------------------------
2905  |Info:    ------------------------------------------------------
2905  |Info:    |              Detecting other devices               |
2905  |Info:    ------------------------------------------------------
2912  |Info:    ------------------------------------------------------
2912  |Info:    |                Detection completed                 |
2912  |Info:    ------------------------------------------------------
2913  |Info:    Profile loading: Succeeded for Corsair Dominator Platinum @ I2C: /dev/i2c-7, address 0x5A
2913  |Info:    Profile loading: Succeeded for Corsair Dominator Platinum @ I2C: /dev/i2c-7, address 0x5B
2913  |Info:    Profile loading: Succeeded for ASUS ROG STRIX RTX 3080 O12G @ I2C: /dev/i2c-1, address 0x67
2913  |Info:    Profile loading: Succeeded for ASUS ROG STRIX B550-F GAMING WIFI II @ HID: /dev/hidraw0
2913  |Info:    Profile loading: Succeeded for Corsair Commander Core @ HID: /dev/hidraw7
31744478|Info:    Profile loading: Succeeded for Corsair Dominator Platinum @ I2C: /dev/i2c-7, address 0x5A
31744478|Info:    Profile loading: Succeeded for Corsair Dominator Platinum @ I2C: /dev/i2c-7, address 0x5B
31744478|Info:    Profile loading: Succeeded for ASUS ROG STRIX RTX 3080 O12G @ I2C: /dev/i2c-1, address 0x67
31744478|Info:    Profile loading: Succeeded for ASUS ROG STRIX B550-F GAMING WIFI II @ HID: /dev/hidraw0
31744478|Info:    Profile loading: Succeeded for Corsair Commander Core @ HID: /dev/hidraw7
31777520|Info:    ------------------------------------------------------
31777520|Info:    |               Start device detection               |
31777520|Info:    ------------------------------------------------------
31777520|Info:    Initializing HID interfaces: Success
31777527|Info:    ------------------------------------------------------
31777527|Info:    |             Detecting I2C interfaces               |
31777527|Info:    ------------------------------------------------------
31777527|Info:    Registering I2C interface: /dev/i2c-3 Device 10DE:220A Subsystem: 1043:886B
31777527|Info:    Registering I2C interface: /dev/i2c-1 Device 10DE:220A Subsystem: 1043:886B
31777527|Info:    Registering I2C interface: /dev/i2c-8 Device 1022:790B Subsystem: 1043:87C0
31777527|Info:    Registering I2C interface: /dev/i2c-6 Device 10DE:220A Subsystem: 1043:886B
31777527|Info:    Registering I2C interface: /dev/i2c-4 Device 10DE:220A Subsystem: 1043:886B
31777527|Info:    Registering I2C interface: /dev/i2c-2 Device 10DE:220A Subsystem: 1043:886B
31777527|Info:    Registering I2C interface: /dev/i2c-0 Device 0000:0000 Subsystem: 0000:0000
31777527|Info:    Registering I2C interface: /dev/i2c-9 Device 1022:790B Subsystem: 1043:87C0
31777527|Info:    Registering I2C interface: /dev/i2c-7 Device 1022:790B Subsystem: 1043:87C0
31777527|Info:    Registering I2C interface: /dev/i2c-5 Device 10DE:220A Subsystem: 1043:886B
31777527|Info:    ------------------------------------------------------
31777527|Info:    |               Detecting I2C devices                |
31777527|Info:    ------------------------------------------------------
31778459|Info:    [Corsair Dominator Platinum] Registering RGB controller
31778470|Info:    [Corsair Dominator Platinum] Registering RGB controller
31778605|Info:    ------------------------------------------------------
31778605|Info:    |               Detecting I2C PCI devices            |
31778605|Info:    ------------------------------------------------------
31778885|Info:    [ASUS ROG STRIX RTX 3080 O12G] Registering RGB controller
31779010|Info:    ------------------------------------------------------
31779010|Info:    |               Detecting HID devices                |
31779010|Info:    ------------------------------------------------------
31779086|Info:    [ASUS ROG STRIX B550-F GAMING WIFI II] Registering RGB controller
31779197|Info:    [Corsair Commander Core] Registering RGB controller
31779228|Info:    [KLM] Created new Full 104 key ANSI QWERTY with 6 rows and 21 columns containing 104 keys
31779228|Info:    [Razer Blackwidow Elite] Registering RGB controller
31779252|Info:    [Razer Naga Trinity] Registering RGB controller
31779252|Info:    ------------------------------------------------------
31779252|Info:    |            Detecting libusb HID devices            |
31779252|Info:    ------------------------------------------------------
31779414|Info:    ------------------------------------------------------
31779414|Info:    |              Detecting other devices               |
31779414|Info:    ------------------------------------------------------
31779415|Info:    ------------------------------------------------------
31779415|Info:    |                Detection completed                 |
31779415|Info:    ------------------------------------------------------
31782016|Info:    Profile loading: Succeeded for Corsair Dominator Platinum @ I2C: /dev/i2c-7, address 0x5A
31782017|Info:    Profile loading: Succeeded for Corsair Dominator Platinum @ I2C: /dev/i2c-7, address 0x5B
31782017|Info:    Profile loading: Succeeded for ASUS ROG STRIX RTX 3080 O12G @ I2C: /dev/i2c-1, address 0x67
31782017|Info:    Profile loading: Succeeded for ASUS ROG STRIX B550-F GAMING WIFI II @ HID: /dev/hidraw0
31782017|Info:    Profile loading: Succeeded for Corsair Commander Core @ HID: /dev/hidraw7
31782017|Info:    Profile loading: Succeeded for Razer Blackwidow Elite @ HID: /dev/hidraw3
31782017|Info:    Profile loading: Succeeded for Razer Naga Trinity @ HID: /dev/hidraw4
31801260|Info:    Found file: default.orp attempting to validate header
31801260|Info:    Valid v4 profile found for default
31801260|Info:    Found file: default365.orp attempting to validate header
31801260|Info:    Valid v4 profile found for default365
31801260|Info:    Found file: retro.orp attempting to validate header
31801260|Info:    Valid v4 profile found for retro
