    OpenRGB v0.9
    Commit: 11a4eac71fdeb90356b4e68249723fc97af3d110 from 2023-07-10 05:52:54 -0500
    Launched: 20231005_175232
====================================================================================================

0     |Info:    Found file: default.orp attempting to validate header
0     |Info:    Valid v4 profile found for default
0     |Info:    Found file: default365.orp attempting to validate header
0     |Info:    Valid v4 profile found for default365
1003  |Info:    ------------------------------------------------------
1003  |Info:    |               Start device detection               |
1003  |Info:    ------------------------------------------------------
1003  |Info:    Initializing HID interfaces: Success
1009  |Info:    ------------------------------------------------------
1009  |Info:    |             Detecting I2C interfaces               |
1009  |Info:    ------------------------------------------------------
1009  |Info:    Registering I2C interface: /dev/i2c-3 Device 10DE:220A Subsystem: 1043:886B
1010  |Info:    Registering I2C interface: /dev/i2c-1 Device 10DE:220A Subsystem: 1043:886B
1010  |Info:    Registering I2C interface: /dev/i2c-8 Device 1022:790B Subsystem: 1043:87C0
1010  |Info:    Registering I2C interface: /dev/i2c-6 Device 10DE:220A Subsystem: 1043:886B
1010  |Info:    Registering I2C interface: /dev/i2c-4 Device 10DE:220A Subsystem: 1043:886B
1010  |Info:    Registering I2C interface: /dev/i2c-2 Device 10DE:220A Subsystem: 1043:886B
1010  |Info:    Registering I2C interface: /dev/i2c-0 Device 0000:0000 Subsystem: 0000:0000
1010  |Info:    Registering I2C interface: /dev/i2c-9 Device 1022:790B Subsystem: 1043:87C0
1010  |Info:    Registering I2C interface: /dev/i2c-7 Device 1022:790B Subsystem: 1043:87C0
1010  |Info:    Registering I2C interface: /dev/i2c-5 Device 10DE:220A Subsystem: 1043:886B
1010  |Info:    ------------------------------------------------------
1010  |Info:    |               Detecting I2C devices                |
1010  |Info:    ------------------------------------------------------
1952  |Info:    [Corsair Dominator Platinum] Registering RGB controller
1963  |Info:    [Corsair Dominator Platinum] Registering RGB controller
2098  |Info:    ------------------------------------------------------
2098  |Info:    |               Detecting I2C PCI devices            |
2098  |Info:    ------------------------------------------------------
2315  |Info:    [ASUS ROG STRIX RTX 3080 O12G] Registering RGB controller
2439  |Info:    ------------------------------------------------------
2439  |Info:    |               Detecting HID devices                |
2439  |Info:    ------------------------------------------------------
2515  |Info:    [ASUS ROG STRIX B550-F GAMING WIFI II] Registering RGB controller
2652  |Info:    [Corsair Commander Core] Registering RGB controller
2683  |Info:    [KLM] Created new Full 104 key ANSI QWERTY with 6 rows and 21 columns containing 104 keys
2684  |Info:    [Razer Blackwidow Elite] Registering RGB controller
2707  |Info:    [Razer Naga Trinity] Registering RGB controller
2707  |Info:    ------------------------------------------------------
2707  |Info:    |            Detecting libusb HID devices            |
2707  |Info:    ------------------------------------------------------
2955  |Info:    ------------------------------------------------------
2955  |Info:    |              Detecting other devices               |
2955  |Info:    ------------------------------------------------------
2962  |Info:    ------------------------------------------------------
2962  |Info:    |                Detection completed                 |
2962  |Info:    ------------------------------------------------------
2962  |Info:    Profile loading: Succeeded for Corsair Dominator Platinum @ I2C: /dev/i2c-7, address 0x5A
2962  |Info:    Profile loading: Succeeded for Corsair Dominator Platinum @ I2C: /dev/i2c-7, address 0x5B
2962  |Info:    Profile loading: Succeeded for ASUS ROG STRIX RTX 3080 O12G @ I2C: /dev/i2c-1, address 0x67
2962  |Info:    Profile loading: Succeeded for ASUS ROG STRIX B550-F GAMING WIFI II @ HID: /dev/hidraw0
2962  |Info:    Profile loading: Succeeded for Corsair Commander Core @ HID: /dev/hidraw1
2962  |Info:    Profile loading: Succeeded for Razer Blackwidow Elite @ HID: /dev/hidraw3
2962  |Info:    Profile loading: Succeeded for Razer Naga Trinity @ HID: /dev/hidraw4
22154040|Info:    ------------------------------------------------------
22154047|Info:    |               Start device detection               |
22154047|Info:    ------------------------------------------------------
22154047|Info:    Initializing HID interfaces: Success
22154053|Info:    ------------------------------------------------------
22154053|Info:    |             Detecting I2C interfaces               |
22154053|Info:    ------------------------------------------------------
22154053|Info:    Registering I2C interface: /dev/i2c-3 Device 10DE:220A Subsystem: 1043:886B
22154053|Info:    Registering I2C interface: /dev/i2c-1 Device 10DE:220A Subsystem: 1043:886B
22154053|Info:    Registering I2C interface: /dev/i2c-8 Device 1022:790B Subsystem: 1043:87C0
22154053|Info:    Registering I2C interface: /dev/i2c-6 Device 10DE:220A Subsystem: 1043:886B
22154053|Info:    Registering I2C interface: /dev/i2c-4 Device 10DE:220A Subsystem: 1043:886B
22154054|Info:    Registering I2C interface: /dev/i2c-2 Device 10DE:220A Subsystem: 1043:886B
22154054|Info:    Registering I2C interface: /dev/i2c-0 Device 0000:0000 Subsystem: 0000:0000
22154054|Info:    Registering I2C interface: /dev/i2c-9 Device 1022:790B Subsystem: 1043:87C0
22154054|Info:    Registering I2C interface: /dev/i2c-7 Device 1022:790B Subsystem: 1043:87C0
22154054|Info:    Registering I2C interface: /dev/i2c-5 Device 10DE:220A Subsystem: 1043:886B
22154054|Info:    ------------------------------------------------------
22154054|Info:    |               Detecting I2C devices                |
22154054|Info:    ------------------------------------------------------
22154984|Info:    [Corsair Dominator Platinum] Registering RGB controller
22154995|Info:    [Corsair Dominator Platinum] Registering RGB controller
22155130|Info:    ------------------------------------------------------
22155130|Info:    |               Detecting I2C PCI devices            |
22155130|Info:    ------------------------------------------------------
22155340|Info:    [ASUS ROG STRIX RTX 3080 O12G] Registering RGB controller
22155464|Info:    ------------------------------------------------------
22155464|Info:    |               Detecting HID devices                |
22155464|Info:    ------------------------------------------------------
22155542|Info:    [ASUS ROG STRIX B550-F GAMING WIFI II] Registering RGB controller
22155650|Info:    [Corsair Commander Core] Registering RGB controller
22155681|Info:    [KLM] Created new Full 104 key ANSI QWERTY with 6 rows and 21 columns containing 104 keys
22155681|Info:    [Razer Blackwidow Elite] Registering RGB controller
22155705|Info:    [Razer Naga Trinity] Registering RGB controller
22155705|Info:    ------------------------------------------------------
22155705|Info:    |            Detecting libusb HID devices            |
22155705|Info:    ------------------------------------------------------
22155867|Info:    ------------------------------------------------------
22155867|Info:    |              Detecting other devices               |
22155867|Info:    ------------------------------------------------------
22155869|Info:    ------------------------------------------------------
22155869|Info:    |                Detection completed                 |
22155869|Info:    ------------------------------------------------------
22228443|Info:    Profile loading: Succeeded for Corsair Dominator Platinum @ I2C: /dev/i2c-7, address 0x5A
22228443|Info:    Profile loading: Succeeded for Corsair Dominator Platinum @ I2C: /dev/i2c-7, address 0x5B
22228443|Info:    Profile loading: Succeeded for ASUS ROG STRIX RTX 3080 O12G @ I2C: /dev/i2c-1, address 0x67
22228443|Info:    Profile loading: Succeeded for ASUS ROG STRIX B550-F GAMING WIFI II @ HID: /dev/hidraw0
22228443|Info:    Profile loading: Succeeded for Corsair Commander Core @ HID: /dev/hidraw1
22228443|Info:    Profile loading: Succeeded for Razer Blackwidow Elite @ HID: /dev/hidraw3
22228443|Info:    Profile loading: Succeeded for Razer Naga Trinity @ HID: /dev/hidraw4
22228444|Info:    Profile loading: FAILED! for Corsair Dominator Platinum @ I2C: /dev/i2c-7, address 0x5A
22228444|Info:    Profile loading: FAILED! for Corsair Dominator Platinum @ I2C: /dev/i2c-7, address 0x5B
22228444|Info:    Profile loading: FAILED! for ASUS ROG STRIX RTX 3080 O12G @ I2C: /dev/i2c-1, address 0x67
22228444|Info:    Profile loading: FAILED! for ASUS ROG STRIX B550-F GAMING WIFI II @ HID: /dev/hidraw0
22228444|Info:    Profile loading: FAILED! for Corsair Commander Core @ HID: /dev/hidraw1
22228444|Info:    Profile loading: FAILED! for Razer Blackwidow Elite @ HID: /dev/hidraw3
22228444|Info:    Profile loading: FAILED! for Razer Naga Trinity @ HID: /dev/hidraw4
22231411|Info:    Profile loading: Succeeded for Corsair Dominator Platinum @ I2C: /dev/i2c-7, address 0x5A
22231411|Info:    Profile loading: Succeeded for Corsair Dominator Platinum @ I2C: /dev/i2c-7, address 0x5B
22231411|Info:    Profile loading: Succeeded for ASUS ROG STRIX RTX 3080 O12G @ I2C: /dev/i2c-1, address 0x67
22231411|Info:    Profile loading: Succeeded for ASUS ROG STRIX B550-F GAMING WIFI II @ HID: /dev/hidraw0
22231411|Info:    Profile loading: Succeeded for Corsair Commander Core @ HID: /dev/hidraw1
22231411|Info:    Profile loading: Succeeded for Razer Blackwidow Elite @ HID: /dev/hidraw3
22231411|Info:    Profile loading: Succeeded for Razer Naga Trinity @ HID: /dev/hidraw4
22231411|Info:    Profile loading: FAILED! for Corsair Dominator Platinum @ I2C: /dev/i2c-7, address 0x5A
22231411|Info:    Profile loading: FAILED! for Corsair Dominator Platinum @ I2C: /dev/i2c-7, address 0x5B
22231411|Info:    Profile loading: FAILED! for ASUS ROG STRIX RTX 3080 O12G @ I2C: /dev/i2c-1, address 0x67
22231411|Info:    Profile loading: FAILED! for ASUS ROG STRIX B550-F GAMING WIFI II @ HID: /dev/hidraw0
22231412|Info:    Profile loading: FAILED! for Corsair Commander Core @ HID: /dev/hidraw1
22231412|Info:    Profile loading: FAILED! for Razer Blackwidow Elite @ HID: /dev/hidraw3
22231412|Info:    Profile loading: FAILED! for Razer Naga Trinity @ HID: /dev/hidraw4
22264587|Info:    Profile loading: Succeeded for Corsair Dominator Platinum @ I2C: /dev/i2c-7, address 0x5A
22264587|Info:    Profile loading: Succeeded for Corsair Dominator Platinum @ I2C: /dev/i2c-7, address 0x5B
22264587|Info:    Profile loading: Succeeded for ASUS ROG STRIX RTX 3080 O12G @ I2C: /dev/i2c-1, address 0x67
22264587|Info:    Profile loading: Succeeded for ASUS ROG STRIX B550-F GAMING WIFI II @ HID: /dev/hidraw0
22264587|Info:    Profile loading: Succeeded for Corsair Commander Core @ HID: /dev/hidraw1
22264587|Info:    Profile loading: Succeeded for Razer Blackwidow Elite @ HID: /dev/hidraw3
22264587|Info:    Profile loading: Succeeded for Razer Naga Trinity @ HID: /dev/hidraw4
22264587|Info:    Profile loading: FAILED! for Corsair Dominator Platinum @ I2C: /dev/i2c-7, address 0x5A
22264587|Info:    Profile loading: FAILED! for Corsair Dominator Platinum @ I2C: /dev/i2c-7, address 0x5B
22264587|Info:    Profile loading: FAILED! for ASUS ROG STRIX RTX 3080 O12G @ I2C: /dev/i2c-1, address 0x67
22264587|Info:    Profile loading: FAILED! for ASUS ROG STRIX B550-F GAMING WIFI II @ HID: /dev/hidraw0
22264587|Info:    Profile loading: FAILED! for Corsair Commander Core @ HID: /dev/hidraw1
22264587|Info:    Profile loading: FAILED! for Razer Blackwidow Elite @ HID: /dev/hidraw3
22264587|Info:    Profile loading: FAILED! for Razer Naga Trinity @ HID: /dev/hidraw4
22273875|Info:    Profile loading: Succeeded for Corsair Dominator Platinum @ I2C: /dev/i2c-7, address 0x5A
22273875|Info:    Profile loading: Succeeded for Corsair Dominator Platinum @ I2C: /dev/i2c-7, address 0x5B
22273875|Info:    Profile loading: Succeeded for ASUS ROG STRIX RTX 3080 O12G @ I2C: /dev/i2c-1, address 0x67
22273875|Info:    Profile loading: Succeeded for ASUS ROG STRIX B550-F GAMING WIFI II @ HID: /dev/hidraw0
22273875|Info:    Profile loading: Succeeded for Corsair Commander Core @ HID: /dev/hidraw1
22273875|Info:    Profile loading: Succeeded for Razer Blackwidow Elite @ HID: /dev/hidraw3
22273875|Info:    Profile loading: Succeeded for Razer Naga Trinity @ HID: /dev/hidraw4
22273875|Info:    Profile loading: FAILED! for Corsair Dominator Platinum @ I2C: /dev/i2c-7, address 0x5A
22273875|Info:    Profile loading: FAILED! for Corsair Dominator Platinum @ I2C: /dev/i2c-7, address 0x5B
22273875|Info:    Profile loading: FAILED! for ASUS ROG STRIX RTX 3080 O12G @ I2C: /dev/i2c-1, address 0x67
22273875|Info:    Profile loading: FAILED! for ASUS ROG STRIX B550-F GAMING WIFI II @ HID: /dev/hidraw0
22273875|Info:    Profile loading: FAILED! for Corsair Commander Core @ HID: /dev/hidraw1
22273875|Info:    Profile loading: FAILED! for Razer Blackwidow Elite @ HID: /dev/hidraw3
22273875|Info:    Profile loading: FAILED! for Razer Naga Trinity @ HID: /dev/hidraw4
22486249|Info:    Found file: default.orp attempting to validate header
22486249|Info:    Valid v4 profile found for default
22486249|Info:    Found file: default365.orp attempting to validate header
22486249|Info:    Valid v4 profile found for default365
22486249|Info:    Found file: retro.orp attempting to validate header
22486249|Info:    Valid v4 profile found for retro
22488903|Info:    Found file: default.orp attempting to validate header
22488903|Info:    Valid v4 profile found for default
22488903|Info:    Found file: default365.orp attempting to validate header
22488903|Info:    Valid v4 profile found for default365
22488903|Info:    Found file: retro.orp attempting to validate header
22488903|Info:    Valid v4 profile found for retro
22527493|Info:    Found file: default.orp attempting to validate header
22527493|Info:    Valid v4 profile found for default
22527493|Info:    Found file: default365.orp attempting to validate header
22527493|Info:    Valid v4 profile found for default365
22527493|Info:    Found file: retro.orp attempting to validate header
22527493|Info:    Valid v4 profile found for retro
22544415|Info:    Found file: default.orp attempting to validate header
22544415|Info:    Valid v4 profile found for default
22544415|Info:    Found file: default365.orp attempting to validate header
22544415|Info:    Valid v4 profile found for default365
22544415|Info:    Found file: retro.orp attempting to validate header
22544415|Info:    Valid v4 profile found for retro
22556089|Info:    Profile loading: Succeeded for Corsair Dominator Platinum @ I2C: /dev/i2c-7, address 0x5A
22556089|Info:    Profile loading: Succeeded for Corsair Dominator Platinum @ I2C: /dev/i2c-7, address 0x5B
22556089|Info:    Profile loading: Succeeded for ASUS ROG STRIX RTX 3080 O12G @ I2C: /dev/i2c-1, address 0x67
22556089|Info:    Profile loading: Succeeded for ASUS ROG STRIX B550-F GAMING WIFI II @ HID: /dev/hidraw0
22556089|Info:    Profile loading: Succeeded for Corsair Commander Core @ HID: /dev/hidraw1
22556089|Info:    Profile loading: Succeeded for Razer Blackwidow Elite @ HID: /dev/hidraw3
22556089|Info:    Profile loading: Succeeded for Razer Naga Trinity @ HID: /dev/hidraw4
22556089|Info:    Profile loading: Succeeded for Corsair Dominator Platinum @ I2C: /dev/i2c-7, address 0x5A
22556089|Info:    Profile loading: Succeeded for Corsair Dominator Platinum @ I2C: /dev/i2c-7, address 0x5B
22556089|Info:    Profile loading: Succeeded for ASUS ROG STRIX RTX 3080 O12G @ I2C: /dev/i2c-1, address 0x67
22556089|Info:    Profile loading: Succeeded for ASUS ROG STRIX B550-F GAMING WIFI II @ HID: /dev/hidraw0
22556089|Info:    Profile loading: Succeeded for Corsair Commander Core @ HID: /dev/hidraw1
22556089|Info:    Profile loading: Succeeded for Razer Blackwidow Elite @ HID: /dev/hidraw3
22556089|Info:    Profile loading: Succeeded for Razer Naga Trinity @ HID: /dev/hidraw4
22561402|Info:    Profile loading: Succeeded for Corsair Dominator Platinum @ I2C: /dev/i2c-7, address 0x5A
22561402|Info:    Profile loading: Succeeded for Corsair Dominator Platinum @ I2C: /dev/i2c-7, address 0x5B
22561402|Info:    Profile loading: Succeeded for ASUS ROG STRIX RTX 3080 O12G @ I2C: /dev/i2c-1, address 0x67
22561402|Info:    Profile loading: Succeeded for ASUS ROG STRIX B550-F GAMING WIFI II @ HID: /dev/hidraw0
22561402|Info:    Profile loading: Succeeded for Corsair Commander Core @ HID: /dev/hidraw1
22561402|Info:    Profile loading: Succeeded for Razer Blackwidow Elite @ HID: /dev/hidraw3
22561402|Info:    Profile loading: Succeeded for Razer Naga Trinity @ HID: /dev/hidraw4
22561402|Info:    Profile loading: Succeeded for Corsair Dominator Platinum @ I2C: /dev/i2c-7, address 0x5A
22561402|Info:    Profile loading: Succeeded for Corsair Dominator Platinum @ I2C: /dev/i2c-7, address 0x5B
22561402|Info:    Profile loading: Succeeded for ASUS ROG STRIX RTX 3080 O12G @ I2C: /dev/i2c-1, address 0x67
22561402|Info:    Profile loading: Succeeded for ASUS ROG STRIX B550-F GAMING WIFI II @ HID: /dev/hidraw0
22561402|Info:    Profile loading: Succeeded for Corsair Commander Core @ HID: /dev/hidraw1
22561402|Info:    Profile loading: Succeeded for Razer Blackwidow Elite @ HID: /dev/hidraw3
22561402|Info:    Profile loading: Succeeded for Razer Naga Trinity @ HID: /dev/hidraw4
22564243|Info:    Profile loading: Succeeded for Corsair Dominator Platinum @ I2C: /dev/i2c-7, address 0x5A
22564243|Info:    Profile loading: Succeeded for Corsair Dominator Platinum @ I2C: /dev/i2c-7, address 0x5B
22564243|Info:    Profile loading: Succeeded for ASUS ROG STRIX RTX 3080 O12G @ I2C: /dev/i2c-1, address 0x67
22564243|Info:    Profile loading: Succeeded for ASUS ROG STRIX B550-F GAMING WIFI II @ HID: /dev/hidraw0
22564243|Info:    Profile loading: Succeeded for Corsair Commander Core @ HID: /dev/hidraw1
22564243|Info:    Profile loading: Succeeded for Razer Blackwidow Elite @ HID: /dev/hidraw3
22564243|Info:    Profile loading: Succeeded for Razer Naga Trinity @ HID: /dev/hidraw4
22564243|Info:    Profile loading: Succeeded for Corsair Dominator Platinum @ I2C: /dev/i2c-7, address 0x5A
22564243|Info:    Profile loading: Succeeded for Corsair Dominator Platinum @ I2C: /dev/i2c-7, address 0x5B
22564243|Info:    Profile loading: Succeeded for ASUS ROG STRIX RTX 3080 O12G @ I2C: /dev/i2c-1, address 0x67
22564243|Info:    Profile loading: Succeeded for ASUS ROG STRIX B550-F GAMING WIFI II @ HID: /dev/hidraw0
22564243|Info:    Profile loading: Succeeded for Corsair Commander Core @ HID: /dev/hidraw1
22564243|Info:    Profile loading: Succeeded for Razer Blackwidow Elite @ HID: /dev/hidraw3
22564243|Info:    Profile loading: Succeeded for Razer Naga Trinity @ HID: /dev/hidraw4
