    OpenRGB v0.9
    Commit: 11a4eac71fdeb90356b4e68249723fc97af3d110 from 2023-07-10 05:52:54 -0500
    Launched: 20231002_085713
====================================================================================================

0     |Info:    Found file: default.orp attempting to validate header
0     |Info:    Valid v4 profile found for default
0     |Info:    Found file: default365.orp attempting to validate header
1     |Info:    Valid v4 profile found for default365
1002  |Info:    ------------------------------------------------------
1002  |Info:    |               Start device detection               |
1002  |Info:    ------------------------------------------------------
1002  |Info:    Initializing HID interfaces: Success
1009  |Info:    ------------------------------------------------------
1009  |Info:    |             Detecting I2C interfaces               |
1009  |Info:    ------------------------------------------------------
1009  |Info:    Registering I2C interface: /dev/i2c-3 Device 10DE:220A Subsystem: 1043:886B
1009  |Info:    Registering I2C interface: /dev/i2c-1 Device 10DE:220A Subsystem: 1043:886B
1009  |Info:    Registering I2C interface: /dev/i2c-8 Device 1022:790B Subsystem: 1043:87C0
1009  |Info:    Registering I2C interface: /dev/i2c-6 Device 10DE:220A Subsystem: 1043:886B
1009  |Info:    Registering I2C interface: /dev/i2c-4 Device 10DE:220A Subsystem: 1043:886B
1009  |Info:    Registering I2C interface: /dev/i2c-2 Device 10DE:220A Subsystem: 1043:886B
1009  |Info:    Registering I2C interface: /dev/i2c-0 Device 0000:0000 Subsystem: 0000:0000
1009  |Info:    Registering I2C interface: /dev/i2c-9 Device 1022:790B Subsystem: 1043:87C0
1009  |Info:    Registering I2C interface: /dev/i2c-7 Device 1022:790B Subsystem: 1043:87C0
1009  |Info:    Registering I2C interface: /dev/i2c-5 Device 10DE:220A Subsystem: 1043:886B
1009  |Info:    ------------------------------------------------------
1009  |Info:    |               Detecting I2C devices                |
1009  |Info:    ------------------------------------------------------
1954  |Info:    [Corsair Dominator Platinum] Registering RGB controller
1966  |Info:    [Corsair Dominator Platinum] Registering RGB controller
2100  |Info:    ------------------------------------------------------
2100  |Info:    |               Detecting I2C PCI devices            |
2100  |Info:    ------------------------------------------------------
2316  |Info:    [ASUS ROG STRIX RTX 3080 O12G] Registering RGB controller
2441  |Info:    ------------------------------------------------------
2441  |Info:    |               Detecting HID devices                |
2441  |Info:    ------------------------------------------------------
2520  |Info:    [ASUS ROG STRIX B550-F GAMING WIFI II] Registering RGB controller
2684  |Info:    [Corsair Commander Core] Registering RGB controller
2715  |Info:    [KLM] Created new Full 104 key ANSI QWERTY with 6 rows and 21 columns containing 104 keys
2715  |Info:    [Razer Blackwidow Elite] Registering RGB controller
2739  |Info:    [Razer Naga Trinity] Registering RGB controller
2739  |Info:    ------------------------------------------------------
2739  |Info:    |            Detecting libusb HID devices            |
2739  |Info:    ------------------------------------------------------
2994  |Info:    ------------------------------------------------------
2994  |Info:    |              Detecting other devices               |
2994  |Info:    ------------------------------------------------------
3000  |Info:    ------------------------------------------------------
3000  |Info:    |                Detection completed                 |
3000  |Info:    ------------------------------------------------------
3001  |Info:    Profile loading: Succeeded for Corsair Dominator Platinum @ I2C: /dev/i2c-7, address 0x5A
3001  |Info:    Profile loading: Succeeded for Corsair Dominator Platinum @ I2C: /dev/i2c-7, address 0x5B
3001  |Info:    Profile loading: Succeeded for ASUS ROG STRIX RTX 3080 O12G @ I2C: /dev/i2c-1, address 0x67
3001  |Info:    Profile loading: Succeeded for ASUS ROG STRIX B550-F GAMING WIFI II @ HID: /dev/hidraw0
3001  |Info:    Profile loading: Succeeded for Corsair Commander Core @ HID: /dev/hidraw1
3001  |Info:    Profile loading: Succeeded for Razer Blackwidow Elite @ HID: /dev/hidraw3
3001  |Info:    Profile loading: Succeeded for Razer Naga Trinity @ HID: /dev/hidraw4
